[2026-06-16T12:25:52.903Z] [ensureForm] Searching via Raw SQL for: แบบประเมินคุณลักษณะอันพึงประสงค์
[2026-06-16T12:25:52.910Z] [resolveEvaluationPeriodId] Resolved semester_id: 4
[2026-06-16T12:25:52.916Z] [ensureForm] Found 8 questions directly from section_id=1
[2026-06-16T12:25:52.979Z] [ensureForm] Searching via Raw SQL for: แบบประเมินคุณลักษณะอันพึงประสงค์
[2026-06-16T12:25:52.982Z] [resolveEvaluationPeriodId] Resolved semester_id: 4
[2026-06-16T12:25:52.985Z] [ensureForm] Found 8 questions directly from section_id=1
[2026-06-16T12:26:01.363Z] [Template] Start: teacher=9, student=57, sub_mode=attributes
[2026-06-16T12:26:01.384Z] [ensureForm] Searching via Raw SQL for: แบบประเมินคุณลักษณะอันพึงประสงค์
[2026-06-16T12:26:01.393Z] [ensureForm] Found 8 questions directly from section_id=1
[2026-06-16T12:26:01.399Z] [resolveEvaluationPeriodId] Resolved semester_id: 4
[2026-06-16T12:26:01.402Z] [Template] Form: 2, Period: 4
[2026-06-16T12:26:01.404Z] [Template] Selected scaleTypeID: 2
[2026-06-16T12:26:01.411Z] [Template] Scale options count: 4
[2026-06-16T12:26:01.484Z] [Template] Start: teacher=9, student=57, sub_mode=attributes
[2026-06-16T12:26:01.507Z] [ensureForm] Searching via Raw SQL for: แบบประเมินคุณลักษณะอันพึงประสงค์
[2026-06-16T12:26:01.524Z] [ensureForm] Found 8 questions directly from section_id=1
[2026-06-16T12:26:01.532Z] [resolveEvaluationPeriodId] Resolved semester_id: 4
[2026-06-16T12:26:01.534Z] [Template] Form: 2, Period: 4
[2026-06-16T12:26:01.537Z] [Template] Selected scaleTypeID: 2
[2026-06-16T12:26:01.541Z] [Template] Scale options count: 4
[2026-06-16T15:54:54.269Z] [ensureForm] Searching via Raw SQL for: แบบประเมินคุณลักษณะอันพึงประสงค์
[2026-06-16T15:54:54.292Z] [resolveEvaluationPeriodId] Resolved semester_id: 4
[2026-06-16T15:54:54.425Z] [ensureForm] Found 8 questions directly from section_id=1
[2026-06-16T15:54:54.527Z] [ensureForm] Searching via Raw SQL for: แบบประเมินคุณลักษณะอันพึงประสงค์
[2026-06-16T15:54:54.534Z] [resolveEvaluationPeriodId] Resolved semester_id: 4
[2026-06-16T15:54:54.540Z] [ensureForm] Found 8 questions directly from section_id=1
[2026-06-16T15:54:54.603Z] [ensureForm] Searching via Raw SQL for: แบบประเมินคุณลักษณะอันพึงประสงค์
[2026-06-16T15:54:54.608Z] [resolveEvaluationPeriodId] Resolved semester_id: 4
[2026-06-16T15:54:54.610Z] [ensureForm] Found 8 questions directly from section_id=1
[2026-06-16T15:55:02.520Z] [Template] Start: teacher=9, student=57, sub_mode=attributes
[2026-06-16T15:55:02.648Z] [ensureForm] Searching via Raw SQL for: แบบประเมินคุณลักษณะอันพึงประสงค์
[2026-06-16T15:55:02.660Z] [ensureForm] Found 8 questions directly from section_id=1
[2026-06-16T15:55:02.682Z] [resolveEvaluationPeriodId] Resolved semester_id: 4
[2026-06-16T15:55:02.688Z] [Template] Form: 2, Period: 4
[2026-06-16T15:55:02.692Z] [Template] Selected scaleTypeID: 2
[2026-06-16T15:55:02.703Z] [Template] Scale options count: 4
[2026-06-16T15:55:02.803Z] [Template] Start: teacher=9, student=57, sub_mode=attributes
[2026-06-16T15:55:02.813Z] [ensureForm] Searching via Raw SQL for: แบบประเมินคุณลักษณะอันพึงประสงค์
[2026-06-16T15:55:02.818Z] [ensureForm] Found 8 questions directly from section_id=1
[2026-06-16T15:55:02.823Z] [resolveEvaluationPeriodId] Resolved semester_id: 4
[2026-06-16T15:55:02.828Z] [Template] Form: 2, Period: 4
[2026-06-16T15:55:02.831Z] [Template] Selected scaleTypeID: 2
[2026-06-16T15:55:02.839Z] [Template] Scale options count: 4
[2026-06-16T15:55:36.172Z] [ensureForm] Searching via Raw SQL for: แบบประเมินคุณลักษณะอันพึงประสงค์
[2026-06-16T15:55:36.176Z] [resolveEvaluationPeriodId] Resolved semester_id: 4
[2026-06-16T15:55:36.180Z] [ensureForm] Found 8 questions directly from section_id=1
[2026-06-16T15:55:36.239Z] [ensureForm] Searching via Raw SQL for: แบบประเมินคุณลักษณะอันพึงประสงค์
[2026-06-16T15:55:36.246Z] [resolveEvaluationPeriodId] Resolved semester_id: 4
[2026-06-16T15:55:36.248Z] [ensureForm] Found 8 questions directly from section_id=1
[2026-06-16T16:00:06.627Z] [ensureForm] Searching via Raw SQL for: แบบประเมินคุณลักษณะอันพึงประสงค์
[2026-06-16T16:00:06.650Z] [resolveEvaluationPeriodId] Resolved semester_id: 4
[2026-06-16T16:00:06.752Z] [ensureForm] Found 8 questions directly from section_id=1
[2026-06-16T16:00:06.838Z] [ensureForm] Searching via Raw SQL for: แบบประเมินคุณลักษณะอันพึงประสงค์
[2026-06-16T16:00:06.843Z] [resolveEvaluationPeriodId] Resolved semester_id: 4
[2026-06-16T16:00:06.847Z] [ensureForm] Found 8 questions directly from section_id=1
[2026-06-16T16:13:15.808Z] [ensureForm] Searching via Raw SQL for: แบบประเมินคุณลักษณะอันพึงประสงค์
[2026-06-16T16:13:15.829Z] [resolveEvaluationPeriodId] Resolved semester_id: 4
[2026-06-16T16:13:15.921Z] [ensureForm] Found 8 questions directly from section_id=1
[2026-06-16T16:15:45.587Z] [EvaluationService] getAdvisorEvaluation: START teacher_id=9, year=2569, semester=1
[2026-06-16T16:15:45.598Z] [ensureForm] Searching via Raw SQL for: แบบประเมินคุณลักษณะอันพึงประสงค์
[2026-06-16T16:15:45.609Z] [resolveEvaluationPeriodId] Resolved semester_id: 4
[2026-06-16T16:15:45.623Z] [ensureForm] No form found by name: แบบประเมินคุณลักษณะอันพึงประสงค์
[2026-06-16T16:15:45.626Z] [EvaluationService] getAdvisorEvaluation: Resolved semesterId=4
[2026-06-16T16:15:45.648Z] [EvaluationService] getAdvisorEvaluation: Found 0 response IDs for criteria (advisor or ที่ปรึกษา)
[2026-06-17T07:07:17.589Z] [ensureForm] Searching via Raw SQL for: แบบประเมินคุณลักษณะอันพึงประสงค์
[2026-06-17T07:07:17.637Z] [resolveEvaluationPeriodId] Resolved semester_id: 4
[2026-06-17T07:07:17.806Z] [ensureForm] Found 8 questions directly from section_id=1
[2026-06-17T07:07:17.912Z] [ensureForm] Searching via Raw SQL for: แบบประเมินคุณลักษณะอันพึงประสงค์
[2026-06-17T07:07:17.918Z] [resolveEvaluationPeriodId] Resolved semester_id: 4
[2026-06-17T07:07:17.921Z] [ensureForm] Found 8 questions directly from section_id=1
[2026-06-17T07:07:27.249Z] [Template] Start: teacher=9, student=57, sub_mode=attributes
[2026-06-17T07:07:27.360Z] [ensureForm] Searching via Raw SQL for: แบบประเมินคุณลักษณะอันพึงประสงค์
[2026-06-17T07:07:27.372Z] [ensureForm] Found 8 questions directly from section_id=1
[2026-06-17T07:07:27.384Z] [resolveEvaluationPeriodId] Resolved semester_id: 4
[2026-06-17T07:07:27.391Z] [Template] Form: 2, Period: 4
[2026-06-17T07:07:27.394Z] [Template] Selected scaleTypeID: 2
[2026-06-17T07:07:27.416Z] [Template] Scale options count: 4
[2026-06-17T07:07:27.521Z] [Template] Start: teacher=9, student=57, sub_mode=attributes
[2026-06-17T07:07:27.530Z] [ensureForm] Searching via Raw SQL for: แบบประเมินคุณลักษณะอันพึงประสงค์
[2026-06-17T07:07:27.534Z] [ensureForm] Found 8 questions directly from section_id=1
[2026-06-17T07:07:27.541Z] [resolveEvaluationPeriodId] Resolved semester_id: 4
[2026-06-17T07:07:27.544Z] [Template] Form: 2, Period: 4
[2026-06-17T07:07:27.547Z] [Template] Selected scaleTypeID: 2
[2026-06-17T07:07:27.552Z] [Template] Scale options count: 4
[2026-06-17T07:07:50.101Z] [ensureForm] Searching via Raw SQL for: แบบประเมินคุณลักษณะอันพึงประสงค์
[2026-06-17T07:07:50.107Z] [resolveEvaluationPeriodId] Resolved semester_id: 4
[2026-06-17T07:07:50.113Z] [ensureForm] Found 8 questions directly from section_id=1
[2026-06-17T07:07:50.374Z] [ensureForm] Searching via Raw SQL for: แบบประเมินคุณลักษณะอันพึงประสงค์
[2026-06-17T07:07:50.377Z] [resolveEvaluationPeriodId] Resolved semester_id: 4
[2026-06-17T07:07:50.384Z] [ensureForm] Found 8 questions directly from section_id=1
[2026-07-22T07:15:44.436Z] [ensureForm] Searching via Raw SQL for: แบบประเมินคุณลักษณะอันพึงประสงค์
[2026-07-22T07:15:44.466Z] [resolveEvaluationPeriodId] Resolved semester_id: 13
[2026-07-22T07:15:45.349Z] [ensureForm] No questions found with section_id=1, falling back to form name lookup
[2026-07-22T07:15:45.452Z] [ensureForm] No form found by name: แบบประเมินคุณลักษณะอันพึงประสงค์
[2026-07-22T07:15:45.913Z] [ensureForm] Searching via Raw SQL for: แบบประเมินคุณลักษณะอันพึงประสงค์
[2026-07-22T07:15:45.942Z] [resolveEvaluationPeriodId] Resolved semester_id: 13
[2026-07-22T07:15:45.950Z] [ensureForm] No questions found with section_id=1, falling back to form name lookup
[2026-07-22T07:15:45.971Z] [ensureForm] No form found by name: แบบประเมินคุณลักษณะอันพึงประสงค์
[2026-07-22T07:27:32.636Z] [ensureForm] Searching via Raw SQL for: แบบประเมินคุณลักษณะอันพึงประสงค์
[2026-07-22T07:27:32.731Z] [resolveEvaluationPeriodId] Resolved semester_id: 13
[2026-07-22T07:27:32.871Z] [ensureForm] No questions found with section_id=1, falling back to form name lookup
[2026-07-22T07:27:32.907Z] [ensureForm] No form found by name: แบบประเมินคุณลักษณะอันพึงประสงค์
[2026-07-22T07:33:41.587Z] [ensureForm] Searching via Raw SQL for: แบบประเมินคุณลักษณะอันพึงประสงค์
[2026-07-22T07:33:41.612Z] [resolveEvaluationPeriodId] Resolved semester_id: 13
[2026-07-22T07:33:41.738Z] [ensureForm] No questions found with section_id=1, falling back to form name lookup
[2026-07-22T07:33:41.768Z] [ensureForm] No form found by name: แบบประเมินคุณลักษณะอันพึงประสงค์
[2026-07-22T07:33:42.019Z] [ensureForm] Searching via Raw SQL for: แบบประเมินคุณลักษณะอันพึงประสงค์
[2026-07-22T07:33:42.040Z] [resolveEvaluationPeriodId] Resolved semester_id: 13
[2026-07-22T07:33:42.046Z] [ensureForm] No questions found with section_id=1, falling back to form name lookup
[2026-07-22T07:33:42.085Z] [ensureForm] No form found by name: แบบประเมินคุณลักษณะอันพึงประสงค์
[2026-07-22T07:33:51.549Z] [Template] Start: teacher=6, student=13, sub_mode=attributes
[2026-07-22T07:33:51.623Z] [ensureForm] Searching via Raw SQL for: แบบประเมินคุณลักษณะอันพึงประสงค์
[2026-07-22T07:33:51.637Z] [ensureForm] No questions found with section_id=1, falling back to form name lookup
[2026-07-22T07:33:51.652Z] [ensureForm] No form found by name: แบบประเมินคุณลักษณะอันพึงประสงค์
[2026-07-22T07:33:51.669Z] [resolveEvaluationPeriodId] Resolved semester_id: 13
[2026-07-22T07:33:51.673Z] [Template] Form: undefined, Period: 13
[2026-07-22T07:33:51.676Z] [Template] Selected scaleTypeID: 2
[2026-07-22T07:33:51.705Z] [Template] Scale options count: 4
[2026-07-22T07:33:51.780Z] [Template] Start: teacher=6, student=13, sub_mode=attributes
[2026-07-22T07:33:51.813Z] [ensureForm] Searching via Raw SQL for: แบบประเมินคุณลักษณะอันพึงประสงค์
[2026-07-22T07:33:51.823Z] [ensureForm] No questions found with section_id=1, falling back to form name lookup
[2026-07-22T07:33:51.833Z] [ensureForm] No form found by name: แบบประเมินคุณลักษณะอันพึงประสงค์
[2026-07-22T07:33:51.845Z] [resolveEvaluationPeriodId] Resolved semester_id: 13
[2026-07-22T07:33:51.847Z] [Template] Form: undefined, Period: 13
[2026-07-22T07:33:51.858Z] [Template] Selected scaleTypeID: 2
[2026-07-22T07:33:51.875Z] [Template] Scale options count: 4
[2026-07-22T07:39:30.692Z] [ensureForm] Searching via Raw SQL for: แบบประเมินคุณลักษณะอันพึงประสงค์
[2026-07-22T07:39:30.737Z] [resolveEvaluationPeriodId] Resolved semester_id: 13
[2026-07-22T07:39:30.878Z] [ensureForm] No questions found with section_id=1, falling back to form name lookup
[2026-07-22T07:39:30.913Z] [ensureForm] No form found by name: แบบประเมินคุณลักษณะอันพึงประสงค์
[2026-07-22T07:39:31.187Z] [ensureForm] Searching via Raw SQL for: แบบประเมินคุณลักษณะอันพึงประสงค์
[2026-07-22T07:39:31.202Z] [resolveEvaluationPeriodId] Resolved semester_id: 13
[2026-07-22T07:39:31.209Z] [ensureForm] No questions found with section_id=1, falling back to form name lookup
[2026-07-22T07:39:31.230Z] [ensureForm] No form found by name: แบบประเมินคุณลักษณะอันพึงประสงค์
[2026-07-22T07:39:39.669Z] [Template] Start: teacher=6, student=13, sub_mode=attributes
[2026-07-22T07:39:39.728Z] [ensureForm] Searching via Raw SQL for: แบบประเมินคุณลักษณะอันพึงประสงค์
[2026-07-22T07:39:39.964Z] [ensureForm] No questions found with section_id=1, falling back to form name lookup
[2026-07-22T07:39:39.987Z] [ensureForm] No form found by name: แบบประเมินคุณลักษณะอันพึงประสงค์
[2026-07-22T07:39:40.002Z] [resolveEvaluationPeriodId] Resolved semester_id: 13
[2026-07-22T07:39:40.006Z] [Template] Form: undefined, Period: 13
[2026-07-22T07:39:40.010Z] [Template] Selected scaleTypeID: 2
[2026-07-22T07:39:40.083Z] [Template] Scale options count: 4
[2026-07-22T07:39:40.162Z] [Template] Start: teacher=6, student=13, sub_mode=attributes
[2026-07-22T07:39:40.185Z] [ensureForm] Searching via Raw SQL for: แบบประเมินคุณลักษณะอันพึงประสงค์
[2026-07-22T07:39:40.199Z] [ensureForm] No questions found with section_id=1, falling back to form name lookup
[2026-07-22T07:39:40.213Z] [ensureForm] No form found by name: แบบประเมินคุณลักษณะอันพึงประสงค์
[2026-07-22T07:39:40.225Z] [resolveEvaluationPeriodId] Resolved semester_id: 13
[2026-07-22T07:39:40.228Z] [Template] Form: undefined, Period: 13
[2026-07-22T07:39:40.230Z] [Template] Selected scaleTypeID: 2
[2026-07-22T07:39:40.251Z] [Template] Scale options count: 4
[2026-07-22T07:40:03.473Z] [ensureForm] Searching via Raw SQL for: แบบประเมินคุณลักษณะอันพึงประสงค์
[2026-07-22T07:40:03.487Z] [resolveEvaluationPeriodId] Resolved semester_id: 13
[2026-07-22T07:40:03.511Z] [ensureForm] No questions found with section_id=1, falling back to form name lookup
[2026-07-22T07:40:03.523Z] [ensureForm] No form found by name: แบบประเมินคุณลักษณะอันพึงประสงค์
[2026-07-22T07:40:03.821Z] [ensureForm] Searching via Raw SQL for: แบบประเมินคุณลักษณะอันพึงประสงค์
[2026-07-22T07:40:03.830Z] [resolveEvaluationPeriodId] Resolved semester_id: 13
[2026-07-22T07:40:03.834Z] [ensureForm] No questions found with section_id=1, falling back to form name lookup
[2026-07-22T07:40:03.892Z] [ensureForm] No form found by name: แบบประเมินคุณลักษณะอันพึงประสงค์
